<?xml version="1.0" encoding="UTF-8"?>
<testsuite name="tests.WebQuizEngineTest" tests="1" skipped="0" failures="0" errors="0" timestamp="2021-09-09T19:14:51" hostname="PC-PICHAU" time="14.089">
  <properties/>
  <testcase name="start" classname="tests.WebQuizEngineTest" time="14.089"/>
  <system-out><![CDATA[?[1;31m
Start test 1?[0m

  .   ____          _            __ _ _
 /\\ / ___'_ __ _ _(_)_ __  __ _ \ \ \ \
( ( )\___ | '_ | '_| | '_ \/ _` | \ \ \ \
 \\/  ___)| |_)| | | | | || (_| |  ) ) ) )
  '  |____| .__|_| |_|_| |_\__, | / / / /
 =========|_|==============|___/=/_/_/_/
 :: Spring Boot ::        (v2.2.2.RELEASE)

2021-09-09 16:14:52.448  INFO 25140 --- [    Test worker] engine.WebQuizEngine                     : Starting WebQuizEngine on PC-PICHAU with PID 25140 (started by leopi in C:\Users\leopi\IdeaProjects\Web Quiz Engine\Web Quiz Engine\task)
2021-09-09 16:14:52.451  INFO 25140 --- [    Test worker] engine.WebQuizEngine                     : No active profile set, falling back to default profiles: default
2021-09-09 16:14:53.391  INFO 25140 --- [    Test worker] .s.d.r.c.RepositoryConfigurationDelegate : Bootstrapping Spring Data JPA repositories in DEFAULT mode.
2021-09-09 16:14:53.460  INFO 25140 --- [    Test worker] .s.d.r.c.RepositoryConfigurationDelegate : Finished Spring Data repository scanning in 61ms. Found 4 JPA repository interfaces.
2021-09-09 16:14:53.859  INFO 25140 --- [    Test worker] trationDelegate$BeanPostProcessorChecker : Bean 'org.springframework.transaction.annotation.ProxyTransactionManagementConfiguration' of type [org.springframework.transaction.annotation.ProxyTransactionManagementConfiguration] is not eligible for getting processed by all BeanPostProcessors (for example: not eligible for auto-proxying)
2021-09-09 16:14:54.120  INFO 25140 --- [    Test worker] o.s.b.w.embedded.tomcat.TomcatWebServer  : Tomcat initialized with port(s): 8889 (http)
2021-09-09 16:14:54.133  INFO 25140 --- [    Test worker] o.apache.catalina.core.StandardService   : Starting service [Tomcat]
2021-09-09 16:14:54.133  INFO 25140 --- [    Test worker] org.apache.catalina.core.StandardEngine  : Starting Servlet engine: [Apache Tomcat/9.0.29]
2021-09-09 16:14:54.251  INFO 25140 --- [    Test worker] o.a.c.c.C.[Tomcat].[localhost].[/]       : Initializing Spring embedded WebApplicationContext
2021-09-09 16:14:54.252  INFO 25140 --- [    Test worker] o.s.web.context.ContextLoader            : Root WebApplicationContext: initialization completed in 1754 ms
2021-09-09 16:14:54.387  INFO 25140 --- [    Test worker] com.zaxxer.hikari.HikariDataSource       : HikariPool-1 - Starting...
2021-09-09 16:14:54.624  INFO 25140 --- [    Test worker] com.zaxxer.hikari.HikariDataSource       : HikariPool-1 - Start completed.
2021-09-09 16:14:54.636  INFO 25140 --- [    Test worker] o.s.b.a.h2.H2ConsoleAutoConfiguration    : H2 console available at '/h2-console'. Database available at 'jdbc:h2:file:../quizdb'
2021-09-09 16:14:54.943  INFO 25140 --- [    Test worker] o.hibernate.jpa.internal.util.LogHelper  : HHH000204: Processing PersistenceUnitInfo [name: default]
2021-09-09 16:14:55.031  INFO 25140 --- [    Test worker] org.hibernate.Version                    : HHH000412: Hibernate Core {5.4.9.Final}
2021-09-09 16:14:55.228  INFO 25140 --- [    Test worker] o.hibernate.annotations.common.Version   : HCANN000001: Hibernate Commons Annotations {5.1.0.Final}
2021-09-09 16:14:55.364  INFO 25140 --- [    Test worker] org.hibernate.dialect.Dialect            : HHH000400: Using dialect: org.hibernate.dialect.H2Dialect
2021-09-09 16:14:56.188  INFO 25140 --- [    Test worker] o.h.e.t.j.p.i.JtaPlatformInitiator       : HHH000490: Using JtaPlatform implementation: [org.hibernate.engine.transaction.jta.platform.internal.NoJtaPlatform]
2021-09-09 16:14:56.195  INFO 25140 --- [    Test worker] j.LocalContainerEntityManagerFactoryBean : Initialized JPA EntityManagerFactory for persistence unit 'default'
2021-09-09 16:14:56.570  WARN 25140 --- [    Test worker] JpaBaseConfiguration$JpaWebConfiguration : spring.jpa.open-in-view is enabled by default. Therefore, database queries may be performed during view rendering. Explicitly configure spring.jpa.open-in-view to disable this warning
2021-09-09 16:14:56.847  INFO 25140 --- [    Test worker] o.s.s.concurrent.ThreadPoolTaskExecutor  : Initializing ExecutorService 'applicationTaskExecutor'
2021-09-09 16:14:57.189  INFO 25140 --- [    Test worker] o.s.b.a.e.web.EndpointLinksResolver      : Exposing 14 endpoint(s) beneath base path '/actuator'
2021-09-09 16:14:57.241  INFO 25140 --- [    Test worker] o.s.s.web.DefaultSecurityFilterChain     : Creating filter chain: any request, [org.springframework.security.web.context.request.async.WebAsyncManagerIntegrationFilter@4b75bfc6, org.springframework.security.web.context.SecurityContextPersistenceFilter@2c45be6c, org.springframework.security.web.header.HeaderWriterFilter@59c0f341, org.springframework.security.web.authentication.logout.LogoutFilter@5f4edf91, org.springframework.security.web.authentication.www.BasicAuthenticationFilter@334e50df, org.springframework.security.web.savedrequest.RequestCacheAwareFilter@4d1b6a14, org.springframework.security.web.servletapi.SecurityContextHolderAwareRequestFilter@9fc545a, org.springframework.security.web.authentication.AnonymousAuthenticationFilter@335714e0, org.springframework.security.web.session.SessionManagementFilter@3142e66e, org.springframework.security.web.access.ExceptionTranslationFilter@1dd62f16, org.springframework.security.web.access.intercept.FilterSecurityInterceptor@4cc2b7b1]
2021-09-09 16:14:57.317  INFO 25140 --- [    Test worker] o.s.b.w.embedded.tomcat.TomcatWebServer  : Tomcat started on port(s): 8889 (http) with context path ''
2021-09-09 16:14:57.320  INFO 25140 --- [    Test worker] engine.WebQuizEngine                     : Started WebQuizEngine in 5.215 seconds (JVM running for 6.188)
2021-09-09 16:14:57.666  INFO 25140 --- [nio-8889-exec-1] o.a.c.c.C.[Tomcat].[localhost].[/]       : Initializing Spring DispatcherServlet 'dispatcherServlet'
2021-09-09 16:14:57.668  INFO 25140 --- [nio-8889-exec-1] o.s.web.servlet.DispatcherServlet        : Initializing Servlet 'dispatcherServlet'
2021-09-09 16:14:57.677  INFO 25140 --- [nio-8889-exec-1] o.s.web.servlet.DispatcherServlet        : Completed initialization in 9 ms
?[1;31m
Start test 2?[0m
?[1;31m
Start test 3?[0m
?[1;31m
Start test 4?[0m
?[1;31m
Start test 5?[0m
?[1;31m
Start test 6?[0m
?[1;31m
Start test 7?[0m
?[1;31m
Start test 8?[0m
2021-09-09 16:14:58.425  WARN 25140 --- [nio-8889-exec-8] o.a.c.util.SessionIdGeneratorBase        : Creation of SecureRandom instance for session ID generation using [SHA1PRNG] took [292] milliseconds.
?[1;31m
Start test 9?[0m
?[1;31m
Start test 10?[0m
?[1;31m
Start test 11?[0m
?[1;31m
Start test 12?[0m
?[1;31m
Start test 13?[0m
?[1;31m
Start test 14?[0m
?[1;31m
Start test 15?[0m
?[1;31m
Start test 16?[0m
?[1;31m
Start test 17?[0m
?[1;31m
Start test 18?[0m
?[1;31m
Start test 19?[0m
?[1;31m
Start test 20?[0m
?[1;31m
Start test 21?[0m
?[1;31m
Start test 22?[0m
?[1;31m
Start test 23?[0m
?[1;31m
Start test 24?[0m
?[1;31m
Start test 25?[0m
?[1;31m
Start test 26?[0m
?[1;31m
Start test 27?[0m
?[1;31m
Start test 28?[0m
?[1;31m
Start test 29?[0m
?[1;31m
Start test 30?[0m
?[1;31m
Start test 31?[0m
?[1;31m
Start test 32?[0m
?[1;31m
Start test 33?[0m
?[1;31m
Start test 34?[0m
?[1;31m
Start test 35?[0m
?[1;31m
Start test 36?[0m
?[1;31m
Start test 37?[0m
?[1;31m
Start test 38?[0m
?[1;31m
Start test 39?[0m
?[1;31m
Start test 40?[0m
?[1;31m
Start test 41?[0m
?[1;31m
Start test 42?[0m
?[1;31m
Start test 43?[0m
?[1;31m
Start test 44?[0m
?[1;31m
Start test 45?[0m
?[1;31m
Start test 46?[0m
2021-09-09 16:14:59.522  INFO 25140 --- [       Thread-6] o.s.s.concurrent.ThreadPoolTaskExecutor  : Shutting down ExecutorService 'applicationTaskExecutor'
2021-09-09 16:14:59.523  INFO 25140 --- [       Thread-6] j.LocalContainerEntityManagerFactoryBean : Closing JPA EntityManagerFactory for persistence unit 'default'
2021-09-09 16:14:59.525  INFO 25140 --- [       Thread-6] com.zaxxer.hikari.HikariDataSource       : HikariPool-1 - Shutdown initiated...
2021-09-09 16:14:59.541  INFO 25140 --- [       Thread-6] com.zaxxer.hikari.HikariDataSource       : HikariPool-1 - Shutdown completed.

  .   ____          _            __ _ _
 /\\ / ___'_ __ _ _(_)_ __  __ _ \ \ \ \
( ( )\___ | '_ | '_| | '_ \/ _` | \ \ \ \
 \\/  ___)| |_)| | | | | || (_| |  ) ) ) )
  '  |____| .__|_| |_|_| |_\__, | / / / /
 =========|_|==============|___/=/_/_/_/
 :: Spring Boot ::        (v2.2.2.RELEASE)

2021-09-09 16:14:59.905  INFO 25140 --- [    Test worker] engine.WebQuizEngine                     : Starting WebQuizEngine on PC-PICHAU with PID 25140 (started by leopi in C:\Users\leopi\IdeaProjects\Web Quiz Engine\Web Quiz Engine\task)
2021-09-09 16:14:59.905  INFO 25140 --- [    Test worker] engine.WebQuizEngine                     : No active profile set, falling back to default profiles: default
2021-09-09 16:15:00.137  INFO 25140 --- [    Test worker] .s.d.r.c.RepositoryConfigurationDelegate : Bootstrapping Spring Data JPA repositories in DEFAULT mode.
2021-09-09 16:15:00.151  INFO 25140 --- [    Test worker] .s.d.r.c.RepositoryConfigurationDelegate : Finished Spring Data repository scanning in 14ms. Found 4 JPA repository interfaces.
2021-09-09 16:15:00.226  INFO 25140 --- [    Test worker] trationDelegate$BeanPostProcessorChecker : Bean 'org.springframework.transaction.annotation.ProxyTransactionManagementConfiguration' of type [org.springframework.transaction.annotation.ProxyTransactionManagementConfiguration] is not eligible for getting processed by all BeanPostProcessors (for example: not eligible for auto-proxying)
2021-09-09 16:15:00.253  WARN 25140 --- [    Test worker] org.apache.tomcat.util.modeler.Registry  : The MBean registry cannot be disabled because it has already been initialised
2021-09-09 16:15:00.259  INFO 25140 --- [    Test worker] o.s.b.w.embedded.tomcat.TomcatWebServer  : Tomcat initialized with port(s): 8889 (http)
2021-09-09 16:15:00.260  INFO 25140 --- [    Test worker] o.apache.catalina.core.StandardService   : Starting service [Tomcat]
2021-09-09 16:15:00.260  INFO 25140 --- [    Test worker] org.apache.catalina.core.StandardEngine  : Starting Servlet engine: [Apache Tomcat/9.0.29]
2021-09-09 16:15:00.292  INFO 25140 --- [    Test worker] o.a.c.c.C.[Tomcat].[localhost].[/]       : Initializing Spring embedded WebApplicationContext
2021-09-09 16:15:00.292  INFO 25140 --- [    Test worker] o.s.web.context.ContextLoader            : Root WebApplicationContext: initialization completed in 384 ms
2021-09-09 16:15:00.326  INFO 25140 --- [    Test worker] com.zaxxer.hikari.HikariDataSource       : HikariPool-2 - Starting...
2021-09-09 16:15:00.336  INFO 25140 --- [    Test worker] com.zaxxer.hikari.HikariDataSource       : HikariPool-2 - Start completed.
2021-09-09 16:15:00.336  INFO 25140 --- [    Test worker] o.s.b.a.h2.H2ConsoleAutoConfiguration    : H2 console available at '/h2-console'. Database available at 'jdbc:h2:file:../quizdb'
2021-09-09 16:15:00.406  INFO 25140 --- [    Test worker] o.hibernate.jpa.internal.util.LogHelper  : HHH000204: Processing PersistenceUnitInfo [name: default]
2021-09-09 16:15:00.413  INFO 25140 --- [    Test worker] org.hibernate.dialect.Dialect            : HHH000400: Using dialect: org.hibernate.dialect.H2Dialect
2021-09-09 16:15:00.506  INFO 25140 --- [    Test worker] o.h.e.t.j.p.i.JtaPlatformInitiator       : HHH000490: Using JtaPlatform implementation: [org.hibernate.engine.transaction.jta.platform.internal.NoJtaPlatform]
2021-09-09 16:15:00.507  INFO 25140 --- [    Test worker] j.LocalContainerEntityManagerFactoryBean : Initialized JPA EntityManagerFactory for persistence unit 'default'
2021-09-09 16:15:00.562  WARN 25140 --- [    Test worker] JpaBaseConfiguration$JpaWebConfiguration : spring.jpa.open-in-view is enabled by default. Therefore, database queries may be performed during view rendering. Explicitly configure spring.jpa.open-in-view to disable this warning
2021-09-09 16:15:00.663  INFO 25140 --- [    Test worker] o.s.s.concurrent.ThreadPoolTaskExecutor  : Initializing ExecutorService 'applicationTaskExecutor'
2021-09-09 16:15:00.751  INFO 25140 --- [    Test worker] o.s.b.a.e.web.EndpointLinksResolver      : Exposing 14 endpoint(s) beneath base path '/actuator'
2021-09-09 16:15:00.762  INFO 25140 --- [    Test worker] o.s.s.web.DefaultSecurityFilterChain     : Creating filter chain: any request, [org.springframework.security.web.context.request.async.WebAsyncManagerIntegrationFilter@72af1e85, org.springframework.security.web.context.SecurityContextPersistenceFilter@311a8cbf, org.springframework.security.web.header.HeaderWriterFilter@1824c56, org.springframework.security.web.authentication.logout.LogoutFilter@618f27b4, org.springframework.security.web.authentication.www.BasicAuthenticationFilter@33d2915c, org.springframework.security.web.savedrequest.RequestCacheAwareFilter@54a0c5fc, org.springframework.security.web.servletapi.SecurityContextHolderAwareRequestFilter@47d3c3c2, org.springframework.security.web.authentication.AnonymousAuthenticationFilter@3c9ae71e, org.springframework.security.web.session.SessionManagementFilter@41d04aa7, org.springframework.security.web.access.ExceptionTranslationFilter@21d880e0, org.springframework.security.web.access.intercept.FilterSecurityInterceptor@6f90746f]
2021-09-09 16:15:00.790  INFO 25140 --- [    Test worker] o.s.b.w.embedded.tomcat.TomcatWebServer  : Tomcat started on port(s): 8889 (http) with context path ''
2021-09-09 16:15:00.791  INFO 25140 --- [    Test worker] engine.WebQuizEngine                     : Started WebQuizEngine in 0.91 seconds (JVM running for 9.659)
?[1;31m
Start test 47?[0m
2021-09-09 16:15:00.798  INFO 25140 --- [nio-8889-exec-1] o.a.c.c.C.[Tomcat].[localhost].[/]       : Initializing Spring DispatcherServlet 'dispatcherServlet'
2021-09-09 16:15:00.799  INFO 25140 --- [nio-8889-exec-1] o.s.web.servlet.DispatcherServlet        : Initializing Servlet 'dispatcherServlet'
2021-09-09 16:15:00.802  INFO 25140 --- [nio-8889-exec-1] o.s.web.servlet.DispatcherServlet        : Completed initialization in 3 ms
?[1;31m
Start test 48?[0m
?[1;31m
Start test 49?[0m
?[1;31m
Start test 50?[0m
?[1;31m
Start test 51?[0m
?[1;31m
Start test 52?[0m
?[1;31m
Start test 53?[0m
?[1;31m
Start test 54?[0m
?[1;31m
Start test 55?[0m
?[1;31m
Start test 56?[0m
?[1;31m
Start test 57?[0m
2021-09-09 16:15:00.979  WARN 25140 --- [nio-8889-exec-1] .w.s.m.s.DefaultHandlerExceptionResolver : Resolved [org.springframework.http.converter.HttpMessageNotReadableException: JSON parse error: Unexpected character ('"' (code 34)): was expecting comma to separate Object entries; nested exception is com.fasterxml.jackson.core.JsonParseException: Unexpected character ('"' (code 34)): was expecting comma to separate Object entries
 at [Source: (PushbackInputStream); line: 4, column: 4]]
?[1;31m
Start test 58?[0m
2021-09-09 16:15:00.995  WARN 25140 --- [nio-8889-exec-2] .w.s.m.s.DefaultHandlerExceptionResolver : Resolved [org.springframework.http.converter.HttpMessageNotReadableException: JSON parse error: Unexpected character ('"' (code 34)): was expecting comma to separate Object entries; nested exception is com.fasterxml.jackson.core.JsonParseException: Unexpected character ('"' (code 34)): was expecting comma to separate Object entries
 at [Source: (PushbackInputStream); line: 5, column: 4]]
?[1;31m
Start test 59?[0m
2021-09-09 16:15:01.005  WARN 25140 --- [nio-8889-exec-3] .w.s.m.s.DefaultHandlerExceptionResolver : Resolved [org.springframework.http.converter.HttpMessageNotReadableException: JSON parse error: Unexpected character ('"' (code 34)): was expecting comma to separate Object entries; nested exception is com.fasterxml.jackson.core.JsonParseException: Unexpected character ('"' (code 34)): was expecting comma to separate Object entries
 at [Source: (PushbackInputStream); line: 4, column: 4]]
?[1;31m
Start test 60?[0m
2021-09-09 16:15:01.017  WARN 25140 --- [nio-8889-exec-4] .w.s.m.s.DefaultHandlerExceptionResolver : Resolved [org.springframework.http.converter.HttpMessageNotReadableException: JSON parse error: Unexpected character ('"' (code 34)): was expecting comma to separate Object entries; nested exception is com.fasterxml.jackson.core.JsonParseException: Unexpected character ('"' (code 34)): was expecting comma to separate Object entries
 at [Source: (PushbackInputStream); line: 5, column: 4]]
?[1;31m
Start test 61?[0m
2021-09-09 16:15:01.057  WARN 25140 --- [nio-8889-exec-5] .w.s.m.s.DefaultHandlerExceptionResolver : Resolved [org.springframework.web.bind.MethodArgumentNotValidException: Validation failed for argument [1] in public java.util.Optional<engine.entity.Quiz> engine.controller.QuizController.post(org.springframework.security.core.Authentication,engine.entity.Quiz): [Field error in object 'quiz' on field 'options': rejected value [null]; codes [NotNull.quiz.options,NotNull.options,NotNull.[Ljava.lang.String;,NotNull]; arguments [org.springframework.context.support.DefaultMessageSourceResolvable: codes [quiz.options,options]; arguments []; default message [options]]; default message [must not be null]] ]
?[1;31m
Start test 62?[0m
2021-09-09 16:15:01.074  WARN 25140 --- [nio-8889-exec-6] .w.s.m.s.DefaultHandlerExceptionResolver : Resolved [org.springframework.http.converter.HttpMessageNotReadableException: JSON parse error: Unexpected character ('"' (code 34)): was expecting comma to separate Object entries; nested exception is com.fasterxml.jackson.core.JsonParseException: Unexpected character ('"' (code 34)): was expecting comma to separate Object entries
 at [Source: (PushbackInputStream); line: 5, column: 4]]
?[1;31m
Start test 63?[0m
2021-09-09 16:15:01.085  WARN 25140 --- [nio-8889-exec-7] .w.s.m.s.DefaultHandlerExceptionResolver : Resolved [org.springframework.http.converter.HttpMessageNotReadableException: JSON parse error: Unexpected character ('"' (code 34)): was expecting comma to separate Object entries; nested exception is com.fasterxml.jackson.core.JsonParseException: Unexpected character ('"' (code 34)): was expecting comma to separate Object entries
 at [Source: (PushbackInputStream); line: 5, column: 4]]
?[1;31m
Start test 64?[0m
?[1;31m
Start test 65?[0m
?[1;31m
Start test 66?[0m
?[1;31m
Start test 67?[0m
?[1;31m
Start test 68?[0m
?[1;31m
Start test 69?[0m
?[1;31m
Start test 70?[0m
?[1;31m
Start test 71?[0m
?[1;31m
Start test 72?[0m
?[1;31m
Start test 73?[0m
?[1;31m
Start test 74?[0m
?[1;31m
Start test 75?[0m
?[1;31m
Start test 76?[0m
?[1;31m
Start test 77?[0m
?[1;31m
Start test 78?[0m
?[1;31m
Start test 79?[0m
?[1;31m
Start test 80?[0m
?[1;31m
Start test 81?[0m
?[1;31m
Start test 82?[0m
?[1;31m
Start test 83?[0m
?[1;31m
Start test 84?[0m
?[1;31m
Start test 85?[0m
?[1;31m
Start test 86?[0m
?[1;31m
Start test 87?[0m
?[1;31m
Start test 88?[0m
?[1;31m
Start test 89?[0m
?[1;31m
Start test 90?[0m
?[1;31m
Start test 91?[0m
?[1;31m
Start test 92?[0m
?[1;31m
Start test 93?[0m
?[1;31m
Start test 94?[0m
?[1;31m
Start test 95?[0m
?[1;31m
Start test 96?[0m
?[1;31m
Start test 97?[0m
?[1;31m
Start test 98?[0m
?[1;31m
Start test 99?[0m
?[1;31m
Start test 100?[0m
?[1;31m
Start test 101?[0m
?[1;31m
Start test 102?[0m
?[1;31m
Start test 103?[0m
?[1;31m
Start test 104?[0m
?[1;31m
Start test 105?[0m
?[1;31m
Start test 106?[0m
?[1;31m
Start test 107?[0m
?[1;31m
Start test 108?[0m
?[1;31m
Start test 109?[0m
?[1;31m
Start test 110?[0m
?[1;31m
Start test 111?[0m
?[1;31m
Start test 112?[0m
?[1;31m
Start test 113?[0m
?[1;31m
Start test 114?[0m
?[1;31m
Start test 115?[0m
?[1;31m
Start test 116?[0m
?[1;31m
Start test 117?[0m
?[1;31m
Start test 118?[0m
?[1;31m
Start test 119?[0m
?[1;31m
Start test 120?[0m
?[1;31m
Start test 121?[0m
?[1;31m
Start test 122?[0m
?[1;31m
Start test 123?[0m
?[1;31m
Start test 124?[0m
?[1;31m
Start test 125?[0m
?[1;31m
Start test 126?[0m
?[1;31m
Start test 127?[0m
?[1;31m
Start test 128?[0m
?[1;31m
Start test 129?[0m
?[1;31m
Start test 130?[0m
?[1;31m
Start test 131?[0m
?[1;31m
Start test 132?[0m
?[1;31m
Start test 133?[0m
?[1;31m
Start test 134?[0m
?[1;31m
Start test 135?[0m
?[1;31m
Start test 136?[0m
?[1;31m
Start test 137?[0m
?[1;31m
Start test 138?[0m
?[1;31m
Start test 139?[0m
?[1;31m
Start test 140?[0m
?[1;31m
Start test 141?[0m
?[1;31m
Start test 142?[0m
?[1;31m
Start test 143?[0m
?[1;31m
Start test 144?[0m
?[1;31m
Start test 145?[0m
?[1;31m
Start test 146?[0m
?[1;31m
Start test 147?[0m
?[1;31m
Start test 148?[0m
?[1;31m
Start test 149?[0m
?[1;31m
Start test 150?[0m
?[1;31m
Start test 151?[0m
?[1;31m
Start test 152?[0m
?[1;31m
Start test 153?[0m
?[1;31m
Start test 154?[0m
?[1;31m
Start test 155?[0m
2021-09-09 16:15:02.549  INFO 25140 --- [       Thread-9] o.s.s.concurrent.ThreadPoolTaskExecutor  : Shutting down ExecutorService 'applicationTaskExecutor'
2021-09-09 16:15:02.553  INFO 25140 --- [       Thread-9] j.LocalContainerEntityManagerFactoryBean : Closing JPA EntityManagerFactory for persistence unit 'default'
2021-09-09 16:15:02.555  INFO 25140 --- [       Thread-9] com.zaxxer.hikari.HikariDataSource       : HikariPool-2 - Shutdown initiated...
2021-09-09 16:15:02.577  INFO 25140 --- [       Thread-9] com.zaxxer.hikari.HikariDataSource       : HikariPool-2 - Shutdown completed.

  .   ____          _            __ _ _
 /\\ / ___'_ __ _ _(_)_ __  __ _ \ \ \ \
( ( )\___ | '_ | '_| | '_ \/ _` | \ \ \ \
 \\/  ___)| |_)| | | | | || (_| |  ) ) ) )
  '  |____| .__|_| |_|_| |_\__, | / / / /
 =========|_|==============|___/=/_/_/_/
 :: Spring Boot ::        (v2.2.2.RELEASE)

2021-09-09 16:15:02.925  INFO 25140 --- [    Test worker] engine.WebQuizEngine                     : Starting WebQuizEngine on PC-PICHAU with PID 25140 (started by leopi in C:\Users\leopi\IdeaProjects\Web Quiz Engine\Web Quiz Engine\task)
2021-09-09 16:15:02.926  INFO 25140 --- [    Test worker] engine.WebQuizEngine                     : No active profile set, falling back to default profiles: default
2021-09-09 16:15:03.132  INFO 25140 --- [    Test worker] .s.d.r.c.RepositoryConfigurationDelegate : Bootstrapping Spring Data JPA repositories in DEFAULT mode.
2021-09-09 16:15:03.144  INFO 25140 --- [    Test worker] .s.d.r.c.RepositoryConfigurationDelegate : Finished Spring Data repository scanning in 12ms. Found 4 JPA repository interfaces.
2021-09-09 16:15:03.185  INFO 25140 --- [    Test worker] trationDelegate$BeanPostProcessorChecker : Bean 'org.springframework.transaction.annotation.ProxyTransactionManagementConfiguration' of type [org.springframework.transaction.annotation.ProxyTransactionManagementConfiguration] is not eligible for getting processed by all BeanPostProcessors (for example: not eligible for auto-proxying)
2021-09-09 16:15:03.209  WARN 25140 --- [    Test worker] org.apache.tomcat.util.modeler.Registry  : The MBean registry cannot be disabled because it has already been initialised
2021-09-09 16:15:03.214  INFO 25140 --- [    Test worker] o.s.b.w.embedded.tomcat.TomcatWebServer  : Tomcat initialized with port(s): 8889 (http)
2021-09-09 16:15:03.214  INFO 25140 --- [    Test worker] o.apache.catalina.core.StandardService   : Starting service [Tomcat]
2021-09-09 16:15:03.215  INFO 25140 --- [    Test worker] org.apache.catalina.core.StandardEngine  : Starting Servlet engine: [Apache Tomcat/9.0.29]
2021-09-09 16:15:03.238  INFO 25140 --- [    Test worker] o.a.c.c.C.[Tomcat].[localhost].[/]       : Initializing Spring embedded WebApplicationContext
2021-09-09 16:15:03.238  INFO 25140 --- [    Test worker] o.s.web.context.ContextLoader            : Root WebApplicationContext: initialization completed in 310 ms
2021-09-09 16:15:03.266  INFO 25140 --- [    Test worker] com.zaxxer.hikari.HikariDataSource       : HikariPool-3 - Starting...
2021-09-09 16:15:03.273  INFO 25140 --- [    Test worker] com.zaxxer.hikari.HikariDataSource       : HikariPool-3 - Start completed.
2021-09-09 16:15:03.273  INFO 25140 --- [    Test worker] o.s.b.a.h2.H2ConsoleAutoConfiguration    : H2 console available at '/h2-console'. Database available at 'jdbc:h2:file:../quizdb'
2021-09-09 16:15:03.336  INFO 25140 --- [    Test worker] o.hibernate.jpa.internal.util.LogHelper  : HHH000204: Processing PersistenceUnitInfo [name: default]
2021-09-09 16:15:03.342  INFO 25140 --- [    Test worker] org.hibernate.dialect.Dialect            : HHH000400: Using dialect: org.hibernate.dialect.H2Dialect
2021-09-09 16:15:03.413  INFO 25140 --- [    Test worker] o.h.e.t.j.p.i.JtaPlatformInitiator       : HHH000490: Using JtaPlatform implementation: [org.hibernate.engine.transaction.jta.platform.internal.NoJtaPlatform]
2021-09-09 16:15:03.413  INFO 25140 --- [    Test worker] j.LocalContainerEntityManagerFactoryBean : Initialized JPA EntityManagerFactory for persistence unit 'default'
2021-09-09 16:15:03.459  WARN 25140 --- [    Test worker] JpaBaseConfiguration$JpaWebConfiguration : spring.jpa.open-in-view is enabled by default. Therefore, database queries may be performed during view rendering. Explicitly configure spring.jpa.open-in-view to disable this warning
2021-09-09 16:15:03.529  INFO 25140 --- [    Test worker] o.s.s.concurrent.ThreadPoolTaskExecutor  : Initializing ExecutorService 'applicationTaskExecutor'
2021-09-09 16:15:03.606  INFO 25140 --- [    Test worker] o.s.b.a.e.web.EndpointLinksResolver      : Exposing 14 endpoint(s) beneath base path '/actuator'
2021-09-09 16:15:03.617  INFO 25140 --- [    Test worker] o.s.s.web.DefaultSecurityFilterChain     : Creating filter chain: any request, [org.springframework.security.web.context.request.async.WebAsyncManagerIntegrationFilter@315b3094, org.springframework.security.web.context.SecurityContextPersistenceFilter@5e3ac606, org.springframework.security.web.header.HeaderWriterFilter@3117fb12, org.springframework.security.web.authentication.logout.LogoutFilter@3cff12ab, org.springframework.security.web.authentication.www.BasicAuthenticationFilter@42b2457f, org.springframework.security.web.savedrequest.RequestCacheAwareFilter@baea3a8, org.springframework.security.web.servletapi.SecurityContextHolderAwareRequestFilter@56f16a4, org.springframework.security.web.authentication.AnonymousAuthenticationFilter@165531b2, org.springframework.security.web.session.SessionManagementFilter@6f4bcd00, org.springframework.security.web.access.ExceptionTranslationFilter@2dbf0fd6, org.springframework.security.web.access.intercept.FilterSecurityInterceptor@57e026da]
2021-09-09 16:15:03.640  INFO 25140 --- [    Test worker] o.s.b.w.embedded.tomcat.TomcatWebServer  : Tomcat started on port(s): 8889 (http) with context path ''
2021-09-09 16:15:03.640  INFO 25140 --- [    Test worker] engine.WebQuizEngine                     : Started WebQuizEngine in 0.731 seconds (JVM running for 12.509)
?[1;31m
Start test 156?[0m
2021-09-09 16:15:03.647  INFO 25140 --- [nio-8889-exec-1] o.a.c.c.C.[Tomcat].[localhost].[/]       : Initializing Spring DispatcherServlet 'dispatcherServlet'
2021-09-09 16:15:03.648  INFO 25140 --- [nio-8889-exec-1] o.s.web.servlet.DispatcherServlet        : Initializing Servlet 'dispatcherServlet'
2021-09-09 16:15:03.650  INFO 25140 --- [nio-8889-exec-1] o.s.web.servlet.DispatcherServlet        : Completed initialization in 2 ms
?[1;31m
Start test 157?[0m
?[1;31m
Start test 158?[0m
?[1;31m
Start test 159?[0m
?[1;31m
Start test 160?[0m
?[1;31m
Start test 161?[0m
?[1;31m
Start test 162?[0m
?[1;31m
Start test 163?[0m
?[1;31m
Start test 164?[0m
?[1;31m
Start test 165?[0m
?[1;31m
Start test 166?[0m
?[1;31m
Start test 167?[0m
?[1;31m
Start test 168?[0m
?[1;31m
Start test 169?[0m
?[1;31m
Start test 170?[0m
?[1;31m
Start test 171?[0m
?[1;31m
Start test 172?[0m
?[1;31m
Start test 173?[0m
?[1;31m
Start test 174?[0m
?[1;31m
Start test 175?[0m
?[1;31m
Start test 176?[0m
?[1;31m
Start test 177?[0m
?[1;31m
Start test 178?[0m
?[1;31m
Start test 179?[0m
?[1;31m
Start test 180?[0m
?[1;31m
Start test 181?[0m
?[1;31m
Start test 182?[0m
?[1;31m
Start test 183?[0m
?[1;31m
Start test 184?[0m
?[1;31m
Start test 185?[0m
?[1;31m
Start test 186?[0m
?[1;31m
Start test 187?[0m
?[1;31m
Start test 188?[0m
?[1;31m
Start test 189?[0m
?[1;31m
Start test 190?[0m
?[1;31m
Start test 191?[0m
?[1;31m
Start test 192?[0m
?[1;31m
Start test 193?[0m
?[1;31m
Start test 194?[0m
?[1;31m
Start test 195?[0m
?[1;31m
Start test 196?[0m
?[1;31m
Start test 197?[0m
?[1;31m
Start test 198?[0m
?[1;31m
Start test 199?[0m
?[1;31m
Start test 200?[0m
?[1;31m
Start test 201?[0m
?[1;31m
Start test 202?[0m
?[1;31m
Start test 203?[0m
?[1;31m
Start test 204?[0m
?[1;31m
Start test 205?[0m
?[1;31m
Start test 206?[0m
?[1;31m
Start test 207?[0m
?[1;31m
Start test 208?[0m
?[1;31m
Start test 209?[0m
?[1;31m
Start test 210?[0m
?[1;31m
Start test 211?[0m
?[1;31m
Start test 212?[0m
?[1;31m
Start test 213?[0m
?[1;31m
Start test 214?[0m
?[1;31m
Start test 215?[0m
2021-09-09 16:15:04.754  INFO 25140 --- [      Thread-12] o.s.s.concurrent.ThreadPoolTaskExecutor  : Shutting down ExecutorService 'applicationTaskExecutor'
2021-09-09 16:15:04.754  INFO 25140 --- [      Thread-12] j.LocalContainerEntityManagerFactoryBean : Closing JPA EntityManagerFactory for persistence unit 'default'
2021-09-09 16:15:04.755  INFO 25140 --- [      Thread-12] com.zaxxer.hikari.HikariDataSource       : HikariPool-3 - Shutdown initiated...
2021-09-09 16:15:04.767  INFO 25140 --- [      Thread-12] com.zaxxer.hikari.HikariDataSource       : HikariPool-3 - Shutdown completed.

  .   ____          _            __ _ _
 /\\ / ___'_ __ _ _(_)_ __  __ _ \ \ \ \
( ( )\___ | '_ | '_| | '_ \/ _` | \ \ \ \
 \\/  ___)| |_)| | | | | || (_| |  ) ) ) )
  '  |____| .__|_| |_|_| |_\__, | / / / /
 =========|_|==============|___/=/_/_/_/
 :: Spring Boot ::        (v2.2.2.RELEASE)

2021-09-09 16:15:05.170  INFO 25140 --- [    Test worker] engine.WebQuizEngine                     : Starting WebQuizEngine on PC-PICHAU with PID 25140 (started by leopi in C:\Users\leopi\IdeaProjects\Web Quiz Engine\Web Quiz Engine\task)
2021-09-09 16:15:05.170  INFO 25140 --- [    Test worker] engine.WebQuizEngine                     : No active profile set, falling back to default profiles: default
2021-09-09 16:15:05.357  INFO 25140 --- [    Test worker] .s.d.r.c.RepositoryConfigurationDelegate : Bootstrapping Spring Data JPA repositories in DEFAULT mode.
2021-09-09 16:15:05.370  INFO 25140 --- [    Test worker] .s.d.r.c.RepositoryConfigurationDelegate : Finished Spring Data repository scanning in 12ms. Found 4 JPA repository interfaces.
2021-09-09 16:15:05.407  INFO 25140 --- [    Test worker] trationDelegate$BeanPostProcessorChecker : Bean 'org.springframework.transaction.annotation.ProxyTransactionManagementConfiguration' of type [org.springframework.transaction.annotation.ProxyTransactionManagementConfiguration] is not eligible for getting processed by all BeanPostProcessors (for example: not eligible for auto-proxying)
2021-09-09 16:15:05.428  WARN 25140 --- [    Test worker] org.apache.tomcat.util.modeler.Registry  : The MBean registry cannot be disabled because it has already been initialised
2021-09-09 16:15:05.432  INFO 25140 --- [    Test worker] o.s.b.w.embedded.tomcat.TomcatWebServer  : Tomcat initialized with port(s): 8889 (http)
2021-09-09 16:15:05.433  INFO 25140 --- [    Test worker] o.apache.catalina.core.StandardService   : Starting service [Tomcat]
2021-09-09 16:15:05.433  INFO 25140 --- [    Test worker] org.apache.catalina.core.StandardEngine  : Starting Servlet engine: [Apache Tomcat/9.0.29]
2021-09-09 16:15:05.458  INFO 25140 --- [    Test worker] o.a.c.c.C.[Tomcat].[localhost].[/]       : Initializing Spring embedded WebApplicationContext
2021-09-09 16:15:05.458  INFO 25140 --- [    Test worker] o.s.web.context.ContextLoader            : Root WebApplicationContext: initialization completed in 286 ms
2021-09-09 16:15:05.484  INFO 25140 --- [    Test worker] com.zaxxer.hikari.HikariDataSource       : HikariPool-4 - Starting...
2021-09-09 16:15:05.491  INFO 25140 --- [    Test worker] com.zaxxer.hikari.HikariDataSource       : HikariPool-4 - Start completed.
2021-09-09 16:15:05.492  INFO 25140 --- [    Test worker] o.s.b.a.h2.H2ConsoleAutoConfiguration    : H2 console available at '/h2-console'. Database available at 'jdbc:h2:file:../quizdb'
2021-09-09 16:15:05.549  INFO 25140 --- [    Test worker] o.hibernate.jpa.internal.util.LogHelper  : HHH000204: Processing PersistenceUnitInfo [name: default]
2021-09-09 16:15:05.555  INFO 25140 --- [    Test worker] org.hibernate.dialect.Dialect            : HHH000400: Using dialect: org.hibernate.dialect.H2Dialect
2021-09-09 16:15:05.623  INFO 25140 --- [    Test worker] o.h.e.t.j.p.i.JtaPlatformInitiator       : HHH000490: Using JtaPlatform implementation: [org.hibernate.engine.transaction.jta.platform.internal.NoJtaPlatform]
2021-09-09 16:15:05.623  INFO 25140 --- [    Test worker] j.LocalContainerEntityManagerFactoryBean : Initialized JPA EntityManagerFactory for persistence unit 'default'
2021-09-09 16:15:05.663  WARN 25140 --- [    Test worker] JpaBaseConfiguration$JpaWebConfiguration : spring.jpa.open-in-view is enabled by default. Therefore, database queries may be performed during view rendering. Explicitly configure spring.jpa.open-in-view to disable this warning
2021-09-09 16:15:05.736  INFO 25140 --- [    Test worker] o.s.s.concurrent.ThreadPoolTaskExecutor  : Initializing ExecutorService 'applicationTaskExecutor'
2021-09-09 16:15:05.811  INFO 25140 --- [    Test worker] o.s.b.a.e.web.EndpointLinksResolver      : Exposing 14 endpoint(s) beneath base path '/actuator'
2021-09-09 16:15:05.819  INFO 25140 --- [    Test worker] o.s.s.web.DefaultSecurityFilterChain     : Creating filter chain: any request, [org.springframework.security.web.context.request.async.WebAsyncManagerIntegrationFilter@44c60e64, org.springframework.security.web.context.SecurityContextPersistenceFilter@15984fa, org.springframework.security.web.header.HeaderWriterFilter@1ee37e4c, org.springframework.security.web.authentication.logout.LogoutFilter@47d30d6c, org.springframework.security.web.authentication.www.BasicAuthenticationFilter@3369346b, org.springframework.security.web.savedrequest.RequestCacheAwareFilter@43b6ef02, org.springframework.security.web.servletapi.SecurityContextHolderAwareRequestFilter@46a2f826, org.springframework.security.web.authentication.AnonymousAuthenticationFilter@7bd9dd2d, org.springframework.security.web.session.SessionManagementFilter@374f7824, org.springframework.security.web.access.ExceptionTranslationFilter@d59ee95, org.springframework.security.web.access.intercept.FilterSecurityInterceptor@133e5465]
2021-09-09 16:15:05.838  INFO 25140 --- [    Test worker] o.s.b.w.embedded.tomcat.TomcatWebServer  : Tomcat started on port(s): 8889 (http) with context path ''
2021-09-09 16:15:05.839  INFO 25140 --- [    Test worker] engine.WebQuizEngine                     : Started WebQuizEngine in 0.71 seconds (JVM running for 14.707)
?[1;31m
Start test 216?[0m
2021-09-09 16:15:05.844  INFO 25140 --- [nio-8889-exec-1] o.a.c.c.C.[Tomcat].[localhost].[/]       : Initializing Spring DispatcherServlet 'dispatcherServlet'
2021-09-09 16:15:05.844  INFO 25140 --- [nio-8889-exec-1] o.s.web.servlet.DispatcherServlet        : Initializing Servlet 'dispatcherServlet'
2021-09-09 16:15:05.847  INFO 25140 --- [nio-8889-exec-1] o.s.web.servlet.DispatcherServlet        : Completed initialization in 3 ms
?[1;31m
Start test 217?[0m
?[1;31m
Start test 218?[0m
?[1;31m
Start test 219?[0m
?[1;31m
Start test 220?[0m
?[1;31m
Start test 221?[0m
?[1;31m
Start test 222?[0m
?[1;31m
Start test 223?[0m
?[1;31m
Start test 224?[0m
?[1;31m
Start test 225?[0m
?[1;31m
Start test 226?[0m
?[1;31m
Start test 227?[0m
?[1;31m
Start test 228?[0m
?[1;31m
Start test 229?[0m
?[1;31m
Start test 230?[0m
?[1;31m
Start test 231?[0m
?[1;31m
Start test 232?[0m
?[1;31m
Start test 233?[0m
?[1;31m
Start test 234?[0m
]]></system-out>
  <system-err><![CDATA[]]></system-err>
</testsuite>
